0 info it worked if it ends with ok
1 verbose cli [ 'C:\\Program Files (x86)\\node.exe',
1 verbose cli   'C:\\Program Files (x86)\\node_modules\\npm\\bin\\npm-cli.js',
1 verbose cli   'start' ]
2 info using npm@3.3.12
3 info using node@v5.2.0
4 verbose run-script [ 'prestart', 'start', 'poststart' ]
5 info lifecycle starter-node-angular@~prestart: starter-node-angular@
6 silly lifecycle starter-node-angular@~prestart: no script for prestart, continuing
7 info lifecycle starter-node-angular@~start: starter-node-angular@
8 verbose lifecycle starter-node-angular@~start: unsafe-perm in lifecycle true
9 verbose lifecycle starter-node-angular@~start: PATH: C:\Program Files (x86)\node_modules\npm\bin\node-gyp-bin;C:\Users\343076\Programming\GitHub\Website\piccarta-github\node_modules\.bin;C:\Users\343076\AppData\Local\GitHub\PortableGit_c2ba306e536fdf878271f7fe636a147ff37326ad\cmd;C:\Users\343076\AppData\Local\GitHub\PortableGit_c2ba306e536fdf878271f7fe636a147ff37326ad\bin;C:\Users\343076\AppData\Local\Apps\2.0\GN3K5JAA.N02\3ZJHQQ8D.5N9\gith..tion_317444273a93ac29_0002.000e_3501b301c8f62e54;C:\Users\343076\AppData\Local\GitHub\lfs-amd64_0.5.1;C:\Windows\Microsoft.NET\Framework\v4.0.30319;C:\ProgramData\Oracle\Java\javapath;C:\Program Files (x86)\NVIDIA Corporation\PhysX\Common;C:\Program Files (x86)\AMD APP\bin\x86_64;C:\Program Files (x86)\AMD APP\bin\x86;C:\Program Files\Common Files\Microsoft Shared\Windows Live;C:\Program Files (x86)\Common Files\Microsoft Shared\Windows Live;C:\Windows\system32;C:\Windows;C:\Windows\System32\Wbem;C:\Windows\System32\WindowsPowerShell\v1.0\;C:\Program Files (x86)\Windows Live\Shared;C:\Program Files\Trend Micro\AMSP;C:\Program Files (x86)\ATI Technologies\ATI.ACE\Core-Static;C:\Program Files (x86)\Java\jdk1.6.0_25\bin;C:\Program Files (x86)\QuickTime\QTSystem\;C:\cygwin\bin;C:\Program Files\Microsoft SQL Server\110\Tools\Binn\;C:\Program Files\MATLAB\R2013b\runtime\win64;C:\Program Files\MATLAB\R2013b\bin;C:\Program Files\MATLAB\R2013b\polyspace\bin;C:\Program Files (x86)\NVIDIA Corporation\Cg\bin;C:\Program Files (x86)\NVIDIA Corporation\Cg\bin.x64;C:\Program Files (x86)\Git\cmd;C:\Program Files (x86)\Git\bin;C:\Gradle\gradle-2.7\bin;C:\spring-1.3.0.BUILD-SNAPSHOT\bin;C:\Maven 3.3.3\bin;C:\Program Files (x86)\;C:\Users\343076\AppData\Local\Programs\Python\Python35-32\Scripts\;C:\Users\343076\AppData\Local\Programs\Python\Python35-32\;C:\Ruby22-x64\bin;C:\Program Files (x86)\SSH Communications Security\SSH Secure Shell;C:\Users\343076\.lein\bin;C:\Users\343076\AppData\Local\atom\bin;C:\Users\343076\AppData\Roaming\npm
10 verbose lifecycle starter-node-angular@~start: CWD: C:\Users\343076\Programming\GitHub\Website\piccarta-github
11 silly lifecycle starter-node-angular@~start: Args: [ '/d /s /c', 'node server.js' ]
12 silly lifecycle starter-node-angular@~start: Returned: code: 1  signal: null
13 info lifecycle starter-node-angular@~start: Failed to exec start script
14 verbose stack Error: starter-node-angular@ start: `node server.js`
14 verbose stack Exit status 1
14 verbose stack     at EventEmitter.<anonymous> (C:\Program Files (x86)\node_modules\npm\lib\utils\lifecycle.js:232:16)
14 verbose stack     at emitTwo (events.js:88:13)
14 verbose stack     at EventEmitter.emit (events.js:173:7)
14 verbose stack     at ChildProcess.<anonymous> (C:\Program Files (x86)\node_modules\npm\lib\utils\spawn.js:24:14)
14 verbose stack     at emitTwo (events.js:88:13)
14 verbose stack     at ChildProcess.emit (events.js:173:7)
14 verbose stack     at maybeClose (internal/child_process.js:819:16)
14 verbose stack     at Process.ChildProcess._handle.onexit (internal/child_process.js:212:5)
15 verbose pkgid starter-node-angular@
16 verbose cwd C:\Users\343076\Programming\GitHub\Website\piccarta-github
17 error Windows_NT 6.1.7601
18 error argv "C:\\Program Files (x86)\\node.exe" "C:\\Program Files (x86)\\node_modules\\npm\\bin\\npm-cli.js" "start"
19 error node v5.2.0
20 error npm  v3.3.12
21 error code ELIFECYCLE
22 error starter-node-angular@ start: `node server.js`
22 error Exit status 1
23 error Failed at the starter-node-angular@ start script 'node server.js'.
23 error Make sure you have the latest version of node.js and npm installed.
23 error If you do, this is most likely a problem with the starter-node-angular package,
23 error not with npm itself.
23 error Tell the author that this fails on your system:
23 error     node server.js
23 error You can get their info via:
23 error     npm owner ls starter-node-angular
23 error There is likely additional logging output above.
24 verbose exit [ 1, true ]
